        -:    0:Source:date.cc
        -:    0:Graph:date.gcno
        -:    0:Data:date.gcda
        -:    0:Runs:3
        -:    0:Programs:2
        -:    1:#include "date.h"
        -:    2:
      178:    3:string nextdate(int year,  int month,  int day){
      178:    4:	int tomorrowDay = 0;
      178:    5:	int tomorrowMonth = month;
      178:    6:	int tomorrowYear = year;
      178:    7:	string ans = "2";
      178:    8:	if(year < 1812 || year > 2012)
        9:    9:		return "Out of year range 1812-2012";
        -:   10:	else{
      169:   11:		switch(month)
        -:   12:		{
        -:   13:			case 1: case 3: case 5: case 7: case 8: case 10:
       90:   14:				if(day < 31 && day > 0){
       63:   15:					tomorrowDay = day + 1;
        -:   16:				}
       27:   17:				else if(day < 0 || day > 31){
        3:   18:					return "Error day " + to_string(day);
        -:   19:				}
        -:   20:				else{
       24:   21:					tomorrowDay = 1;
       24:   22:					tomorrowMonth = month + 1;
        -:   23:				}
       87:   24:				break;
        -:   25:			case 4: case 6: case 9: case 11:
       21:   26:				if(day < 30 && day > 0){
        3:   27:					tomorrowDay = day + 1;
        -:   28:				}
       18:   29:				else if(day < 0 || day > 30){
        6:   30:					return "Error day " + to_string(day);
        -:   31:				}
        -:   32:				else{
       12:   33:					tomorrowDay = 1 ;
       12:   34:					tomorrowMonth = month + 1;
        -:   35:				}
       15:   36:				break; 
        -:   37:			case 2:
       36:   38:				if(day < 28 && day > 0){
        3:   39:					tomorrowDay = day + 1;
        -:   40:				}
       33:   41:				else if(day == 28){
       15:   42:					if(year%400==0||(year%4==0&&year%100!=0)){
        9:   43:						tomorrowDay =day + 1;
        -:   44:					}
        -:   45:					else{
        6:   46:						tomorrowDay = 1;
        6:   47:						tomorrowMonth += 1;
        -:   48:					}
        -:   49:				}
       18:   50:				else if(day == 29){
       15:   51:					if(year%400==0||(year%4==0&&year%100!=0)){
        9:   52:						tomorrowDay = 1;
        9:   53:						tomorrowMonth = 3;
        -:   54:					}
        -:   55:					else{
        6:   56:					return "Cannot have Feb " + to_string(day);
        -:   57:					}
        -:   58:				}
        -:   59:				else{
        3:   60:					return "Error day " + to_string(day);
        -:   61:				}
       27:   62:				break;
        -:   63:			case 12:
       13:   64:				if(day < 31){
        3:   65:					tomorrowDay = day + 1;
        -:   66:				}
       10:   67:				else if(day < 0 || day > 31){
        1:   68:					return "Error day " + to_string(day);
        -:   69:				}
        -:   70:				else{
        9:   71:					tomorrowDay = 1;
        9:   72:					tomorrowMonth = 1;
        9:   73:					tomorrowYear += 1;
        -:   74:				}
       12:   75:				break;
        -:   76:			default:
        9:   77:				return "Error month " + to_string(month);
        -:   78:		}
        -:   79:	}
      282:   80:	ans =to_string(tomorrowYear)+'/'+
      564:   81:	to_string(tomorrowMonth)+'/'+
      141:   82:	to_string(tomorrowDay);
      141:   83:	return ans;
        9:   84:}
