        -:    0:Source:date_C1/date_C1.cc
        -:    0:Graph:date_C1/date_C1.gcno
        -:    0:Data:date_C1/date_C1.gcda
        -:    0:Runs:1
        -:    0:Programs:1
        -:    1:#include <limits.h>
        -:    2:#include "gtest/gtest.h"
        -:    3:#include "../date.h"
        -:    4:
        5:    5:TEST(dataTest, C1_Testcase){
        1:    6:	EXPECT_EQ("Out of year range 1812-2012",  nextdate(1811, 1, 15));
        1:    7:	EXPECT_EQ("Error day -1",  nextdate(1912, 1, -1));
        1:    8:	EXPECT_EQ("Error day -1",  nextdate(1912, 4, -1));
        1:    9:	EXPECT_EQ("Error day -1",  nextdate(1912, 2, -1));
        1:   10:	EXPECT_EQ("Error day -1",  nextdate(1912, 12, -1));
        -:   11:	
        1:   12:	EXPECT_EQ("1912/2/1",  nextdate(1912, 1, 31));
        1:   13:	EXPECT_EQ("1912/1/16",  nextdate(1912, 1, 15));
        1:   14:	EXPECT_EQ("Error day 32",  nextdate(1912, 1, 32));
        -:   15:
        1:   16:	EXPECT_EQ("1912/5/1",  nextdate(1912, 4, 30));
        1:   17:	EXPECT_EQ("1912/4/16",  nextdate(1912, 4, 15));
        1:   18:	EXPECT_EQ("Error day 32",  nextdate(1912, 4, 32));
        -:   19:
        1:   20:	EXPECT_EQ("2000/2/28",  nextdate(2000, 2, 27));
        1:   21:	EXPECT_EQ("2000/2/29",  nextdate(2000, 2, 28));
        1:   22:	EXPECT_EQ("2001/3/1",  nextdate(2001, 2, 28));
        1:   23:	EXPECT_EQ("2000/3/1",  nextdate(2000, 2, 29));
        1:   24:	EXPECT_EQ("Cannot have Feb 29",  nextdate(2001, 2, 29));
        1:   25:	EXPECT_EQ("Error day 32", nextdate(1912, 2, 32));
        -:   26:
        1:   27:	EXPECT_EQ("1913/1/1",  nextdate(1912, 12, 31));
        1:   28:	EXPECT_EQ("1912/12/16",  nextdate(1912, 12, 15));
        1:   29:	EXPECT_EQ("Error day 32",  nextdate(1912, 12, 32));
        -:   30:
        1:   31:	EXPECT_EQ("Error month 13",  nextdate(1912, 13, 1));
        1:   32:	EXPECT_EQ("Out of year range 1812-2012",  nextdate(2013, 1, 1));
        4:   33:}
        -:   34:
