        -:    0:Source:date_Cmcdc/date_Cmcdc.cc
        -:    0:Graph:date_Cmcdc/date_Cmcdc.gcno
        -:    0:Data:date_Cmcdc/date_Cmcdc.gcda
        -:    0:Runs:1
        -:    0:Programs:1
        -:    0:Source is newer than graph
        -:    1:#include <limits.h>
        -:    2:#include "gtest/gtest.h"
        -:    3:#include "../date.h"
        -:    4:
        5:    5:TEST(dataTest, Cmcdc_Testcase){
        -:    6:	//fixed month and day, change year.
        1:    7:	EXPECT_EQ("Out of year range 1812-2012",  nextdate(1811, 2, 28));
        1:    8:	EXPECT_EQ("2000/2/29",  nextdate(2000, 2, 28));
        1:    9:	EXPECT_EQ("1912/2/29",  nextdate(1912, 2, 28));
        1:   10:	EXPECT_EQ("1913/3/1",  nextdate(1913, 2, 28));
        -:   11:
        -:   12:	//fixed years and day, change month.
        1:   13:	EXPECT_EQ("2000/2/1",  nextdate(2000, 1, 31));
        1:   14:	EXPECT_EQ("Error day 31",  nextdate(2000, 2, 31));
        1:   15:	EXPECT_EQ("Error day 31",  nextdate(2000, 9, 31));
        1:   16:	EXPECT_EQ("2001/1/1",  nextdate(2000, 12, 31));
        1:   17:	EXPECT_EQ("Error month 13",  nextdate(2000, 13, 31));
        -:   18:
        -:   19:	//fixed years and month, change day.
        1:   20:	EXPECT_EQ("1933/5/1",  nextdate(1933, 4, 30));
        1:   21:	EXPECT_EQ("Error day 31",  nextdate(1933, 4, 31));
        1:   22:	EXPECT_EQ("1933/4/30",  nextdate(1933, 4, 29));
        1:   23:	EXPECT_EQ("1933/4/2",  nextdate(1933, 4, 1));
        1:   24:	EXPECT_EQ("Error day 0",  nextdate(1933, 4, 0));
        -:   25:
        4:   26:}
        -:   27:
