        -:    0:Source:triangle_C1/triangle_C1.cc
        -:    0:Graph:triangle_C1/triangle_C1.gcno
        -:    0:Data:triangle_C1/triangle_C1.gcda
        -:    0:Runs:1
        -:    0:Programs:1
        -:    1:#include <limits.h>
        -:    2:#include "gtest/gtest.h"
        -:    3:#include "../triangle.h"
        -:    4:
        5:    5:TEST(TriangleType, Equivalence_Class_Test_Case){
        1:    6:	EXPECT_EQ("Not a Triangle", TriangleType(0, 0, 0));
        1:    7:	EXPECT_EQ("Equilateral", TriangleType(3, 3, 3 ));
        1:    8:	EXPECT_EQ("Scalene", TriangleType(3, 4, 5));
        1:    9:	EXPECT_EQ("out of permitted range", TriangleType(201, 200, 200));
        1:   10:	EXPECT_EQ("Isosceles", TriangleType(3, 5, 5));
        4:   11:}
