        -:    0:Source:triangle_C1/triangle_C1.cc
        -:    0:Graph:triangle_C1/triangle_C1.gcno
        -:    0:Data:triangle_C1/triangle_C1.gcda
        -:    0:Runs:1
        -:    0:Programs:1
        -:    1:
        -:    2:#include "../triangle.h"
        -:    3:
function _ZN28isTriangleTest_Positive_TestD0Ev called 1 returned 100% blocks executed 100%
function _ZN28isTriangleTest_Positive_TestD2Ev called 1 returned 100% blocks executed 75%
function _ZN28isTriangleTest_Positive_Test8TestBodyEv called 1 returned 100% blocks executed 26%
function _ZN28isTriangleTest_Positive_TestC2Ev called 1 returned 100% blocks executed 100%
        5:    4:TEST(isTriangleTest,  Positive){
call    0 returned 100%
call    1 returned 100%
call    2 returned 100%
call    3 returned 100%
call    4 returned 100%
call    5 returned 100%
call    6 returned 100%
branch  7 taken 0% (fallthrough)
branch  8 taken 100%
call    9 never executed
call   10 returned 100%
        1:    5:	EXPECT_TRUE(isATriangle(1, 2, 2));
call    0 returned 100%
branch  1 taken 100% (fallthrough)
branch  2 taken 0% (throw)
call    3 returned 100%
branch  4 taken 100% (fallthrough)
branch  5 taken 0% (throw)
call    6 returned 100%
branch  7 taken 0% (fallthrough)
branch  8 taken 100%
call    9 never executed
branch 10 never executed
branch 11 never executed
call   12 never executed
branch 13 never executed
branch 14 never executed
call   15 never executed
call   16 never executed
branch 17 never executed
branch 18 never executed
call   19 never executed
branch 20 never executed
branch 21 never executed
call   22 never executed
call   23 never executed
call   24 never executed
call   25 returned 100%
call   26 never executed
call   27 never executed
call   28 never executed
call   29 never executed
call   30 never executed
        1:    6:	EXPECT_FALSE(isATriangle(3, 5, 9));
call    0 returned 100%
branch  1 taken 100% (fallthrough)
branch  2 taken 0% (throw)
call    3 returned 100%
branch  4 taken 100% (fallthrough)
branch  5 taken 0% (throw)
call    6 returned 100%
branch  7 taken 0% (fallthrough)
branch  8 taken 100%
call    9 never executed
branch 10 never executed
branch 11 never executed
call   12 never executed
branch 13 never executed
branch 14 never executed
call   15 never executed
call   16 never executed
branch 17 never executed
branch 18 never executed
call   19 never executed
branch 20 never executed
branch 21 never executed
call   22 never executed
call   23 never executed
call   24 never executed
call   25 returned 100%
call   26 never executed
call   27 never executed
call   28 never executed
call   29 never executed
        1:    7:}
        -:    8:
function _ZN27isTriangleTest_Trivial_TestD0Ev called 1 returned 100% blocks executed 100%
function _ZN27isTriangleTest_Trivial_TestD2Ev called 1 returned 100% blocks executed 75%
function _ZN27isTriangleTest_Trivial_Test8TestBodyEv called 1 returned 100% blocks executed 24%
function _ZN27isTriangleTest_Trivial_TestC2Ev called 1 returned 100% blocks executed 100%
        5:    9:TEST(isTriangleTest,  Trivial){
call    0 returned 100%
call    1 returned 100%
call    2 returned 100%
call    3 returned 100%
call    4 returned 100%
call    5 returned 100%
call    6 returned 100%
branch  7 taken 0% (fallthrough)
branch  8 taken 100%
call    9 never executed
call   10 returned 100%
        1:   10:	EXPECT_TRUE(isATriangle(1, 2, 2));
call    0 returned 100%
branch  1 taken 100% (fallthrough)
branch  2 taken 0% (throw)
call    3 returned 100%
branch  4 taken 100% (fallthrough)
branch  5 taken 0% (throw)
call    6 returned 100%
branch  7 taken 0% (fallthrough)
branch  8 taken 100%
call    9 never executed
branch 10 never executed
branch 11 never executed
call   12 never executed
branch 13 never executed
branch 14 never executed
call   15 never executed
call   16 never executed
branch 17 never executed
branch 18 never executed
call   19 never executed
branch 20 never executed
branch 21 never executed
call   22 never executed
call   23 never executed
call   24 never executed
call   25 returned 100%
call   26 never executed
call   27 never executed
call   28 never executed
call   29 never executed
call   30 never executed
        1:   11:	EXPECT_TRUE(isATriangle(1, 2, 2));
call    0 returned 100%
branch  1 taken 100% (fallthrough)
branch  2 taken 0% (throw)
call    3 returned 100%
branch  4 taken 100% (fallthrough)
branch  5 taken 0% (throw)
call    6 returned 100%
branch  7 taken 0% (fallthrough)
branch  8 taken 100%
call    9 never executed
branch 10 never executed
branch 11 never executed
call   12 never executed
branch 13 never executed
branch 14 never executed
call   15 never executed
call   16 never executed
branch 17 never executed
branch 18 never executed
call   19 never executed
branch 20 never executed
branch 21 never executed
call   22 never executed
call   23 never executed
call   24 never executed
call   25 returned 100%
call   26 never executed
call   27 never executed
call   28 never executed
call   29 never executed
call   30 never executed
        1:   12:	EXPECT_TRUE(isATriangle(3, 4, 5));
call    0 returned 100%
branch  1 taken 100% (fallthrough)
branch  2 taken 0% (throw)
call    3 returned 100%
branch  4 taken 100% (fallthrough)
branch  5 taken 0% (throw)
call    6 returned 100%
branch  7 taken 0% (fallthrough)
branch  8 taken 100%
call    9 never executed
branch 10 never executed
branch 11 never executed
call   12 never executed
branch 13 never executed
branch 14 never executed
call   15 never executed
call   16 never executed
branch 17 never executed
branch 18 never executed
call   19 never executed
branch 20 never executed
branch 21 never executed
call   22 never executed
call   23 never executed
call   24 never executed
call   25 returned 100%
call   26 never executed
call   27 never executed
call   28 never executed
call   29 never executed
        1:   13:}
        -:   14:
function _ZN28isTriangleTest_Negative_TestD0Ev called 1 returned 100% blocks executed 100%
function _ZN28isTriangleTest_Negative_TestD2Ev called 1 returned 100% blocks executed 75%
function _ZN28isTriangleTest_Negative_Test8TestBodyEv called 1 returned 100% blocks executed 24%
function _ZN28isTriangleTest_Negative_TestC2Ev called 1 returned 100% blocks executed 100%
        5:   15:TEST(isTriangleTest,  Negative){
call    0 returned 100%
call    1 returned 100%
call    2 returned 100%
call    3 returned 100%
call    4 returned 100%
call    5 returned 100%
call    6 returned 100%
branch  7 taken 0% (fallthrough)
branch  8 taken 100%
call    9 never executed
call   10 returned 100%
        1:   16:	EXPECT_FALSE(isATriangle(1, 1, -1));
call    0 returned 100%
branch  1 taken 100% (fallthrough)
branch  2 taken 0% (throw)
call    3 returned 100%
branch  4 taken 100% (fallthrough)
branch  5 taken 0% (throw)
call    6 returned 100%
branch  7 taken 0% (fallthrough)
branch  8 taken 100%
call    9 never executed
branch 10 never executed
branch 11 never executed
call   12 never executed
branch 13 never executed
branch 14 never executed
call   15 never executed
call   16 never executed
branch 17 never executed
branch 18 never executed
call   19 never executed
branch 20 never executed
branch 21 never executed
call   22 never executed
call   23 never executed
call   24 never executed
call   25 returned 100%
call   26 never executed
call   27 never executed
call   28 never executed
call   29 never executed
call   30 never executed
        1:   17:	EXPECT_FALSE(isATriangle(1, -1, 1));
call    0 returned 100%
branch  1 taken 100% (fallthrough)
branch  2 taken 0% (throw)
call    3 returned 100%
branch  4 taken 100% (fallthrough)
branch  5 taken 0% (throw)
call    6 returned 100%
branch  7 taken 0% (fallthrough)
branch  8 taken 100%
call    9 never executed
branch 10 never executed
branch 11 never executed
call   12 never executed
branch 13 never executed
branch 14 never executed
call   15 never executed
call   16 never executed
branch 17 never executed
branch 18 never executed
call   19 never executed
branch 20 never executed
branch 21 never executed
call   22 never executed
call   23 never executed
call   24 never executed
call   25 returned 100%
call   26 never executed
call   27 never executed
call   28 never executed
call   29 never executed
call   30 never executed
        1:   18:	EXPECT_FALSE(isATriangle(-1, 1, 1));
call    0 returned 100%
branch  1 taken 100% (fallthrough)
branch  2 taken 0% (throw)
call    3 returned 100%
branch  4 taken 100% (fallthrough)
branch  5 taken 0% (throw)
call    6 returned 100%
branch  7 taken 0% (fallthrough)
branch  8 taken 100%
call    9 never executed
branch 10 never executed
branch 11 never executed
call   12 never executed
branch 13 never executed
branch 14 never executed
call   15 never executed
call   16 never executed
branch 17 never executed
branch 18 never executed
call   19 never executed
branch 20 never executed
branch 21 never executed
call   22 never executed
call   23 never executed
call   24 never executed
call   25 returned 100%
call   26 never executed
call   27 never executed
call   28 never executed
call   29 never executed
call   30 never executed
        1:   19:	EXPECT_FALSE(isATriangle(INT_MIN, 1, 1));
call    0 returned 100%
branch  1 taken 100% (fallthrough)
branch  2 taken 0% (throw)
call    3 returned 100%
branch  4 taken 100% (fallthrough)
branch  5 taken 0% (throw)
call    6 returned 100%
branch  7 taken 0% (fallthrough)
branch  8 taken 100%
call    9 never executed
branch 10 never executed
branch 11 never executed
call   12 never executed
branch 13 never executed
branch 14 never executed
call   15 never executed
call   16 never executed
branch 17 never executed
branch 18 never executed
call   19 never executed
branch 20 never executed
branch 21 never executed
call   22 never executed
call   23 never executed
call   24 never executed
call   25 returned 100%
call   26 never executed
call   27 never executed
call   28 never executed
call   29 never executed
        1:   20:}
        -:   21:
function _ZN24isTriangleTest_Zero_TestD0Ev called 1 returned 100% blocks executed 100%
function _ZN24isTriangleTest_Zero_TestD2Ev called 1 returned 100% blocks executed 75%
function _ZN24isTriangleTest_Zero_Test8TestBodyEv called 1 returned 100% blocks executed 24%
function _ZN24isTriangleTest_Zero_TestC2Ev called 1 returned 100% blocks executed 100%
        5:   22:TEST(isTriangleTest, Zero){
call    0 returned 100%
call    1 returned 100%
call    2 returned 100%
call    3 returned 100%
call    4 returned 100%
call    5 returned 100%
call    6 returned 100%
branch  7 taken 0% (fallthrough)
branch  8 taken 100%
call    9 never executed
call   10 returned 100%
        1:   23:	EXPECT_FALSE(isATriangle(0, 0, 0));
call    0 returned 100%
branch  1 taken 100% (fallthrough)
branch  2 taken 0% (throw)
call    3 returned 100%
branch  4 taken 100% (fallthrough)
branch  5 taken 0% (throw)
call    6 returned 100%
branch  7 taken 0% (fallthrough)
branch  8 taken 100%
call    9 never executed
branch 10 never executed
branch 11 never executed
call   12 never executed
branch 13 never executed
branch 14 never executed
call   15 never executed
call   16 never executed
branch 17 never executed
branch 18 never executed
call   19 never executed
branch 20 never executed
branch 21 never executed
call   22 never executed
call   23 never executed
call   24 never executed
call   25 returned 100%
call   26 never executed
call   27 never executed
call   28 never executed
call   29 never executed
call   30 never executed
        1:   24:	EXPECT_FALSE(isATriangle(1, 2, 0));
call    0 returned 100%
branch  1 taken 100% (fallthrough)
branch  2 taken 0% (throw)
call    3 returned 100%
branch  4 taken 100% (fallthrough)
branch  5 taken 0% (throw)
call    6 returned 100%
branch  7 taken 0% (fallthrough)
branch  8 taken 100%
call    9 never executed
branch 10 never executed
branch 11 never executed
call   12 never executed
branch 13 never executed
branch 14 never executed
call   15 never executed
call   16 never executed
branch 17 never executed
branch 18 never executed
call   19 never executed
branch 20 never executed
branch 21 never executed
call   22 never executed
call   23 never executed
call   24 never executed
call   25 returned 100%
call   26 never executed
call   27 never executed
call   28 never executed
call   29 never executed
call   30 never executed
        1:   25:	EXPECT_FALSE(isATriangle(0, 1, 2));
call    0 returned 100%
branch  1 taken 100% (fallthrough)
branch  2 taken 0% (throw)
call    3 returned 100%
branch  4 taken 100% (fallthrough)
branch  5 taken 0% (throw)
call    6 returned 100%
branch  7 taken 0% (fallthrough)
branch  8 taken 100%
call    9 never executed
branch 10 never executed
branch 11 never executed
call   12 never executed
branch 13 never executed
branch 14 never executed
call   15 never executed
call   16 never executed
branch 17 never executed
branch 18 never executed
call   19 never executed
branch 20 never executed
branch 21 never executed
call   22 never executed
call   23 never executed
call   24 never executed
call   25 returned 100%
call   26 never executed
call   27 never executed
call   28 never executed
call   29 never executed
call   30 never executed
        1:   26:	EXPECT_FALSE(isATriangle(1, 0, 2));
call    0 returned 100%
branch  1 taken 100% (fallthrough)
branch  2 taken 0% (throw)
call    3 returned 100%
branch  4 taken 100% (fallthrough)
branch  5 taken 0% (throw)
call    6 returned 100%
branch  7 taken 0% (fallthrough)
branch  8 taken 100%
call    9 never executed
branch 10 never executed
branch 11 never executed
call   12 never executed
branch 13 never executed
branch 14 never executed
call   15 never executed
call   16 never executed
branch 17 never executed
branch 18 never executed
call   19 never executed
branch 20 never executed
branch 21 never executed
call   22 never executed
call   23 never executed
call   24 never executed
call   25 returned 100%
call   26 never executed
call   27 never executed
call   28 never executed
call   29 never executed
        1:   27:}
        -:   28:
function _ZN36TriangleTypeTest_IsoscelesMin_1_TestD0Ev called 1 returned 100% blocks executed 100%
function _ZN36TriangleTypeTest_IsoscelesMin_1_TestD2Ev called 1 returned 100% blocks executed 75%
function _ZN36TriangleTypeTest_IsoscelesMin_1_Test8TestBodyEv called 1 returned 100% blocks executed 29%
function _ZN36TriangleTypeTest_IsoscelesMin_1_TestC2Ev called 1 returned 100% blocks executed 100%
        5:   29:TEST(TriangleTypeTest, IsoscelesMin_1){
call    0 returned 100%
call    1 returned 100%
call    2 returned 100%
call    3 returned 100%
call    4 returned 100%
call    5 returned 100%
call    6 returned 100%
branch  7 taken 0% (fallthrough)
branch  8 taken 100%
call    9 never executed
call   10 returned 100%
        1:   30:	EXPECT_EQ("Isosceles", TriangleType(100, 100, 1));
call    0 returned 100%
branch  1 taken 100% (fallthrough)
branch  2 taken 0% (throw)
call    3 returned 100%
branch  4 taken 100% (fallthrough)
branch  5 taken 0% (throw)
call    6 returned 100%
call    7 returned 100%
branch  8 taken 0% (fallthrough)
branch  9 taken 100%
call   10 never executed
branch 11 never executed
branch 12 never executed
call   13 never executed
branch 14 never executed
branch 15 never executed
call   16 never executed
branch 17 never executed
branch 18 never executed
call   19 never executed
branch 20 never executed
branch 21 never executed
call   22 never executed
call   23 never executed
call   24 returned 100%
call   25 never executed
call   26 never executed
call   27 never executed
call   28 never executed
call   29 never executed
        1:   31:	EXPECT_EQ("Isosceles", TriangleType(100, 100, 2));
call    0 returned 100%
branch  1 taken 100% (fallthrough)
branch  2 taken 0% (throw)
call    3 returned 100%
branch  4 taken 100% (fallthrough)
branch  5 taken 0% (throw)
call    6 returned 100%
call    7 returned 100%
branch  8 taken 0% (fallthrough)
branch  9 taken 100%
call   10 never executed
branch 11 never executed
branch 12 never executed
call   13 never executed
branch 14 never executed
branch 15 never executed
call   16 never executed
branch 17 never executed
branch 18 never executed
call   19 never executed
branch 20 never executed
branch 21 never executed
call   22 never executed
call   23 never executed
call   24 returned 100%
call   25 never executed
call   26 never executed
call   27 never executed
call   28 never executed
call   29 never executed
        1:   32:	EXPECT_EQ("Isosceles", TriangleType(100, 1, 100));
call    0 returned 100%
branch  1 taken 100% (fallthrough)
branch  2 taken 0% (throw)
call    3 returned 100%
branch  4 taken 100% (fallthrough)
branch  5 taken 0% (throw)
call    6 returned 100%
call    7 returned 100%
branch  8 taken 0% (fallthrough)
branch  9 taken 100%
call   10 never executed
branch 11 never executed
branch 12 never executed
call   13 never executed
branch 14 never executed
branch 15 never executed
call   16 never executed
branch 17 never executed
branch 18 never executed
call   19 never executed
branch 20 never executed
branch 21 never executed
call   22 never executed
call   23 never executed
call   24 returned 100%
call   25 never executed
call   26 never executed
call   27 never executed
call   28 never executed
call   29 never executed
        1:   33:	EXPECT_EQ("Isosceles", TriangleType(100, 2, 100));
call    0 returned 100%
branch  1 taken 100% (fallthrough)
branch  2 taken 0% (throw)
call    3 returned 100%
branch  4 taken 100% (fallthrough)
branch  5 taken 0% (throw)
call    6 returned 100%
call    7 returned 100%
branch  8 taken 0% (fallthrough)
branch  9 taken 100%
call   10 never executed
branch 11 never executed
branch 12 never executed
call   13 never executed
branch 14 never executed
branch 15 never executed
call   16 never executed
branch 17 never executed
branch 18 never executed
call   19 never executed
branch 20 never executed
branch 21 never executed
call   22 never executed
call   23 never executed
call   24 returned 100%
call   25 never executed
call   26 never executed
call   27 never executed
call   28 never executed
call   29 never executed
        1:   34:	EXPECT_EQ("Isosceles", TriangleType(1, 100, 100));
call    0 returned 100%
branch  1 taken 100% (fallthrough)
branch  2 taken 0% (throw)
call    3 returned 100%
branch  4 taken 100% (fallthrough)
branch  5 taken 0% (throw)
call    6 returned 100%
call    7 returned 100%
branch  8 taken 0% (fallthrough)
branch  9 taken 100%
call   10 never executed
branch 11 never executed
branch 12 never executed
call   13 never executed
branch 14 never executed
branch 15 never executed
call   16 never executed
branch 17 never executed
branch 18 never executed
call   19 never executed
branch 20 never executed
branch 21 never executed
call   22 never executed
call   23 never executed
call   24 returned 100%
call   25 never executed
call   26 never executed
call   27 never executed
call   28 never executed
call   29 never executed
        1:   35:	EXPECT_EQ("Isosceles", TriangleType(2, 100, 100));
call    0 returned 100%
branch  1 taken 100% (fallthrough)
branch  2 taken 0% (throw)
call    3 returned 100%
branch  4 taken 100% (fallthrough)
branch  5 taken 0% (throw)
call    6 returned 100%
call    7 returned 100%
branch  8 taken 0% (fallthrough)
branch  9 taken 100%
call   10 never executed
branch 11 never executed
branch 12 never executed
call   13 never executed
branch 14 never executed
branch 15 never executed
call   16 never executed
branch 17 never executed
branch 18 never executed
call   19 never executed
branch 20 never executed
branch 21 never executed
call   22 never executed
call   23 never executed
call   24 returned 100%
call   25 never executed
call   26 never executed
call   27 never executed
        1:   36:}
call    0 never executed
        -:   37:
function _ZN33TriangleTypeTest_Equilateral_TestD0Ev called 1 returned 100% blocks executed 100%
function _ZN33TriangleTypeTest_Equilateral_TestD2Ev called 1 returned 100% blocks executed 75%
function _ZN33TriangleTypeTest_Equilateral_Test8TestBodyEv called 1 returned 100% blocks executed 35%
function _ZN33TriangleTypeTest_Equilateral_TestC2Ev called 1 returned 100% blocks executed 100%
        5:   38:TEST(TriangleTypeTest, Equilateral){
call    0 returned 100%
call    1 returned 100%
call    2 returned 100%
call    3 returned 100%
call    4 returned 100%
call    5 returned 100%
call    6 returned 100%
branch  7 taken 0% (fallthrough)
branch  8 taken 100%
call    9 never executed
call   10 returned 100%
        1:   39:	EXPECT_EQ("Equilateral", TriangleType(100, 100, 100));
call    0 returned 100%
branch  1 taken 100% (fallthrough)
branch  2 taken 0% (throw)
call    3 returned 100%
branch  4 taken 100% (fallthrough)
branch  5 taken 0% (throw)
call    6 returned 100%
call    7 returned 100%
branch  8 taken 0% (fallthrough)
branch  9 taken 100%
call   10 never executed
branch 11 never executed
branch 12 never executed
call   13 never executed
branch 14 never executed
branch 15 never executed
call   16 never executed
branch 17 never executed
branch 18 never executed
call   19 never executed
branch 20 never executed
branch 21 never executed
call   22 never executed
call   23 never executed
call   24 returned 100%
call   25 never executed
call   26 never executed
call   27 never executed
        1:   40:}
call    0 never executed
        -:   41:
function _ZN36TriangleTypeTest_IsoscelesMax_1_TestD0Ev called 1 returned 100% blocks executed 100%
function _ZN36TriangleTypeTest_IsoscelesMax_1_TestD2Ev called 1 returned 100% blocks executed 75%
function _ZN36TriangleTypeTest_IsoscelesMax_1_Test8TestBodyEv called 1 returned 100% blocks executed 29%
function _ZN36TriangleTypeTest_IsoscelesMax_1_TestC2Ev called 1 returned 100% blocks executed 100%
        5:   42:TEST(TriangleTypeTest, IsoscelesMax_1){
call    0 returned 100%
call    1 returned 100%
call    2 returned 100%
call    3 returned 100%
call    4 returned 100%
call    5 returned 100%
call    6 returned 100%
branch  7 taken 0% (fallthrough)
branch  8 taken 100%
call    9 never executed
call   10 returned 100%
        1:   43:	EXPECT_EQ("Isosceles", TriangleType(100, 100, 199));
call    0 returned 100%
branch  1 taken 100% (fallthrough)
branch  2 taken 0% (throw)
call    3 returned 100%
branch  4 taken 100% (fallthrough)
branch  5 taken 0% (throw)
call    6 returned 100%
call    7 returned 100%
branch  8 taken 0% (fallthrough)
branch  9 taken 100%
call   10 never executed
branch 11 never executed
branch 12 never executed
call   13 never executed
branch 14 never executed
branch 15 never executed
call   16 never executed
branch 17 never executed
branch 18 never executed
call   19 never executed
branch 20 never executed
branch 21 never executed
call   22 never executed
call   23 never executed
call   24 returned 100%
call   25 never executed
call   26 never executed
call   27 never executed
call   28 never executed
call   29 never executed
        1:   44:	EXPECT_EQ("Isosceles", TriangleType(100, 199, 100));
call    0 returned 100%
branch  1 taken 100% (fallthrough)
branch  2 taken 0% (throw)
call    3 returned 100%
branch  4 taken 100% (fallthrough)
branch  5 taken 0% (throw)
call    6 returned 100%
call    7 returned 100%
branch  8 taken 0% (fallthrough)
branch  9 taken 100%
call   10 never executed
branch 11 never executed
branch 12 never executed
call   13 never executed
branch 14 never executed
branch 15 never executed
call   16 never executed
branch 17 never executed
branch 18 never executed
call   19 never executed
branch 20 never executed
branch 21 never executed
call   22 never executed
call   23 never executed
call   24 returned 100%
call   25 never executed
call   26 never executed
call   27 never executed
call   28 never executed
call   29 never executed
        1:   45:	EXPECT_EQ("Isosceles", TriangleType(199, 100, 100));
call    0 returned 100%
branch  1 taken 100% (fallthrough)
branch  2 taken 0% (throw)
call    3 returned 100%
branch  4 taken 100% (fallthrough)
branch  5 taken 0% (throw)
call    6 returned 100%
call    7 returned 100%
branch  8 taken 0% (fallthrough)
branch  9 taken 100%
call   10 never executed
branch 11 never executed
branch 12 never executed
call   13 never executed
branch 14 never executed
branch 15 never executed
call   16 never executed
branch 17 never executed
branch 18 never executed
call   19 never executed
branch 20 never executed
branch 21 never executed
call   22 never executed
call   23 never executed
call   24 returned 100%
call   25 never executed
call   26 never executed
call   27 never executed
call   28 never executed
call   29 never executed
        1:   46:	EXPECT_EQ("Isosceles", TriangleType(3, 2, 2));
call    0 returned 100%
branch  1 taken 100% (fallthrough)
branch  2 taken 0% (throw)
call    3 returned 100%
branch  4 taken 100% (fallthrough)
branch  5 taken 0% (throw)
call    6 returned 100%
call    7 returned 100%
branch  8 taken 0% (fallthrough)
branch  9 taken 100%
call   10 never executed
branch 11 never executed
branch 12 never executed
call   13 never executed
branch 14 never executed
branch 15 never executed
call   16 never executed
branch 17 never executed
branch 18 never executed
call   19 never executed
branch 20 never executed
branch 21 never executed
call   22 never executed
call   23 never executed
call   24 returned 100%
call   25 never executed
call   26 never executed
call   27 never executed
call   28 never executed
call   29 never executed
        1:   47:	EXPECT_EQ("Isosceles", TriangleType(2, 3, 2));
call    0 returned 100%
branch  1 taken 100% (fallthrough)
branch  2 taken 0% (throw)
call    3 returned 100%
branch  4 taken 100% (fallthrough)
branch  5 taken 0% (throw)
call    6 returned 100%
call    7 returned 100%
branch  8 taken 0% (fallthrough)
branch  9 taken 100%
call   10 never executed
branch 11 never executed
branch 12 never executed
call   13 never executed
branch 14 never executed
branch 15 never executed
call   16 never executed
branch 17 never executed
branch 18 never executed
call   19 never executed
branch 20 never executed
branch 21 never executed
call   22 never executed
call   23 never executed
call   24 returned 100%
call   25 never executed
call   26 never executed
call   27 never executed
call   28 never executed
call   29 never executed
        1:   48:	EXPECT_EQ("Isosceles", TriangleType(2, 2, 3));
call    0 returned 100%
branch  1 taken 100% (fallthrough)
branch  2 taken 0% (throw)
call    3 returned 100%
branch  4 taken 100% (fallthrough)
branch  5 taken 0% (throw)
call    6 returned 100%
call    7 returned 100%
branch  8 taken 0% (fallthrough)
branch  9 taken 100%
call   10 never executed
branch 11 never executed
branch 12 never executed
call   13 never executed
branch 14 never executed
branch 15 never executed
call   16 never executed
branch 17 never executed
branch 18 never executed
call   19 never executed
branch 20 never executed
branch 21 never executed
call   22 never executed
call   23 never executed
call   24 returned 100%
call   25 never executed
call   26 never executed
call   27 never executed
        1:   49:}
call    0 never executed
        -:   50:
function _ZN33TriangleTypeTest_NotTriangle_TestD0Ev called 1 returned 100% blocks executed 100%
function _ZN33TriangleTypeTest_NotTriangle_TestD2Ev called 1 returned 100% blocks executed 75%
function _ZN33TriangleTypeTest_NotTriangle_Test8TestBodyEv called 1 returned 100% blocks executed 29%
function _ZN33TriangleTypeTest_NotTriangle_TestC2Ev called 1 returned 100% blocks executed 100%
        5:   51:TEST(TriangleTypeTest, NotTriangle){
call    0 returned 100%
call    1 returned 100%
call    2 returned 100%
call    3 returned 100%
call    4 returned 100%
call    5 returned 100%
call    6 returned 100%
branch  7 taken 0% (fallthrough)
branch  8 taken 100%
call    9 never executed
call   10 returned 100%
        1:   52:	EXPECT_EQ("Not a Triangle", TriangleType(100, 100, 200));
call    0 returned 100%
branch  1 taken 100% (fallthrough)
branch  2 taken 0% (throw)
call    3 returned 100%
branch  4 taken 100% (fallthrough)
branch  5 taken 0% (throw)
call    6 returned 100%
call    7 returned 100%
branch  8 taken 0% (fallthrough)
branch  9 taken 100%
call   10 never executed
branch 11 never executed
branch 12 never executed
call   13 never executed
branch 14 never executed
branch 15 never executed
call   16 never executed
branch 17 never executed
branch 18 never executed
call   19 never executed
branch 20 never executed
branch 21 never executed
call   22 never executed
call   23 never executed
call   24 returned 100%
call   25 never executed
call   26 never executed
call   27 never executed
call   28 never executed
call   29 never executed
        1:   53:	EXPECT_EQ("Not a Triangle", TriangleType(100, 200, 100));
call    0 returned 100%
branch  1 taken 100% (fallthrough)
branch  2 taken 0% (throw)
call    3 returned 100%
branch  4 taken 100% (fallthrough)
branch  5 taken 0% (throw)
call    6 returned 100%
call    7 returned 100%
branch  8 taken 0% (fallthrough)
branch  9 taken 100%
call   10 never executed
branch 11 never executed
branch 12 never executed
call   13 never executed
branch 14 never executed
branch 15 never executed
call   16 never executed
branch 17 never executed
branch 18 never executed
call   19 never executed
branch 20 never executed
branch 21 never executed
call   22 never executed
call   23 never executed
call   24 returned 100%
call   25 never executed
call   26 never executed
call   27 never executed
call   28 never executed
call   29 never executed
        1:   54:	EXPECT_EQ("Not a Triangle", TriangleType(200, 100, 100));
call    0 returned 100%
branch  1 taken 100% (fallthrough)
branch  2 taken 0% (throw)
call    3 returned 100%
branch  4 taken 100% (fallthrough)
branch  5 taken 0% (throw)
call    6 returned 100%
call    7 returned 100%
branch  8 taken 0% (fallthrough)
branch  9 taken 100%
call   10 never executed
branch 11 never executed
branch 12 never executed
call   13 never executed
branch 14 never executed
branch 15 never executed
call   16 never executed
branch 17 never executed
branch 18 never executed
call   19 never executed
branch 20 never executed
branch 21 never executed
call   22 never executed
call   23 never executed
call   24 returned 100%
call   25 never executed
call   26 never executed
call   27 never executed
call   28 never executed
call   29 never executed
        1:   55:	EXPECT_EQ("Not a Triangle", TriangleType(4, 1, 2));
call    0 returned 100%
branch  1 taken 100% (fallthrough)
branch  2 taken 0% (throw)
call    3 returned 100%
branch  4 taken 100% (fallthrough)
branch  5 taken 0% (throw)
call    6 returned 100%
call    7 returned 100%
branch  8 taken 0% (fallthrough)
branch  9 taken 100%
call   10 never executed
branch 11 never executed
branch 12 never executed
call   13 never executed
branch 14 never executed
branch 15 never executed
call   16 never executed
branch 17 never executed
branch 18 never executed
call   19 never executed
branch 20 never executed
branch 21 never executed
call   22 never executed
call   23 never executed
call   24 returned 100%
call   25 never executed
call   26 never executed
call   27 never executed
call   28 never executed
call   29 never executed
        1:   56:	EXPECT_EQ("Not a Triangle", TriangleType(1, 4, 2));
call    0 returned 100%
branch  1 taken 100% (fallthrough)
branch  2 taken 0% (throw)
call    3 returned 100%
branch  4 taken 100% (fallthrough)
branch  5 taken 0% (throw)
call    6 returned 100%
call    7 returned 100%
branch  8 taken 0% (fallthrough)
branch  9 taken 100%
call   10 never executed
branch 11 never executed
branch 12 never executed
call   13 never executed
branch 14 never executed
branch 15 never executed
call   16 never executed
branch 17 never executed
branch 18 never executed
call   19 never executed
branch 20 never executed
branch 21 never executed
call   22 never executed
call   23 never executed
call   24 returned 100%
call   25 never executed
call   26 never executed
call   27 never executed
call   28 never executed
call   29 never executed
        1:   57:	EXPECT_EQ("Not a Triangle", TriangleType(1, 2, 4));
call    0 returned 100%
branch  1 taken 100% (fallthrough)
branch  2 taken 0% (throw)
call    3 returned 100%
branch  4 taken 100% (fallthrough)
branch  5 taken 0% (throw)
call    6 returned 100%
call    7 returned 100%
branch  8 taken 0% (fallthrough)
branch  9 taken 100%
call   10 never executed
branch 11 never executed
branch 12 never executed
call   13 never executed
branch 14 never executed
branch 15 never executed
call   16 never executed
branch 17 never executed
branch 18 never executed
call   19 never executed
branch 20 never executed
branch 21 never executed
call   22 never executed
call   23 never executed
call   24 returned 100%
call   25 never executed
call   26 never executed
call   27 never executed
        1:   58:}
call    0 never executed
function _ZN29TriangleTypeTest_Scalene_TestD0Ev called 1 returned 100% blocks executed 100%
function _ZN29TriangleTypeTest_Scalene_TestD2Ev called 1 returned 100% blocks executed 75%
function _ZN29TriangleTypeTest_Scalene_Test8TestBodyEv called 1 returned 100% blocks executed 31%
function _ZN29TriangleTypeTest_Scalene_TestC2Ev called 1 returned 100% blocks executed 100%
        5:   59:TEST(TriangleTypeTest, Scalene){
call    0 returned 100%
call    1 returned 100%
call    2 returned 100%
call    3 returned 100%
call    4 returned 100%
call    5 returned 100%
call    6 returned 100%
branch  7 taken 0% (fallthrough)
branch  8 taken 100%
call    9 never executed
call   10 returned 100%
        1:   60:	EXPECT_EQ("Scalene", TriangleType(3, 4, 5));
call    0 returned 100%
branch  1 taken 100% (fallthrough)
branch  2 taken 0% (throw)
call    3 returned 100%
branch  4 taken 100% (fallthrough)
branch  5 taken 0% (throw)
call    6 returned 100%
call    7 returned 100%
branch  8 taken 0% (fallthrough)
branch  9 taken 100%
call   10 never executed
branch 11 never executed
branch 12 never executed
call   13 never executed
branch 14 never executed
branch 15 never executed
call   16 never executed
branch 17 never executed
branch 18 never executed
call   19 never executed
branch 20 never executed
branch 21 never executed
call   22 never executed
call   23 never executed
call   24 returned 100%
call   25 never executed
call   26 never executed
call   27 never executed
call   28 never executed
call   29 never executed
        1:   61:	EXPECT_EQ("Scalene", TriangleType(198, 199, 200));
call    0 returned 100%
branch  1 taken 100% (fallthrough)
branch  2 taken 0% (throw)
call    3 returned 100%
branch  4 taken 100% (fallthrough)
branch  5 taken 0% (throw)
call    6 returned 100%
call    7 returned 100%
branch  8 taken 0% (fallthrough)
branch  9 taken 100%
call   10 never executed
branch 11 never executed
branch 12 never executed
call   13 never executed
branch 14 never executed
branch 15 never executed
call   16 never executed
branch 17 never executed
branch 18 never executed
call   19 never executed
branch 20 never executed
branch 21 never executed
call   22 never executed
call   23 never executed
call   24 returned 100%
call   25 never executed
call   26 never executed
call   27 never executed
        1:   62:}
call    0 never executed
function _ZN45TriangleType_Equivalence_Class_Test_Case_TestD0Ev called 1 returned 100% blocks executed 100%
function _ZN45TriangleType_Equivalence_Class_Test_Case_TestD2Ev called 1 returned 100% blocks executed 75%
function _ZN45TriangleType_Equivalence_Class_Test_Case_Test8TestBodyEv called 1 returned 100% blocks executed 28%
function _ZN45TriangleType_Equivalence_Class_Test_Case_TestC2Ev called 1 returned 100% blocks executed 100%
        5:   63:TEST(TriangleType, Equivalence_Class_Test_Case){
call    0 returned 100%
call    1 returned 100%
call    2 returned 100%
call    3 returned 100%
call    4 returned 100%
call    5 returned 100%
call    6 returned 100%
branch  7 taken 0% (fallthrough)
branch  8 taken 100%
call    9 never executed
call   10 returned 100%
        1:   64:	EXPECT_EQ("Not a Triangle", TriangleType(-1, 5, 5));
call    0 returned 100%
branch  1 taken 100% (fallthrough)
branch  2 taken 0% (throw)
call    3 returned 100%
branch  4 taken 100% (fallthrough)
branch  5 taken 0% (throw)
call    6 returned 100%
call    7 returned 100%
branch  8 taken 0% (fallthrough)
branch  9 taken 100%
call   10 never executed
branch 11 never executed
branch 12 never executed
call   13 never executed
branch 14 never executed
branch 15 never executed
call   16 never executed
branch 17 never executed
branch 18 never executed
call   19 never executed
branch 20 never executed
branch 21 never executed
call   22 never executed
call   23 never executed
call   24 returned 100%
call   25 never executed
call   26 never executed
call   27 never executed
call   28 never executed
call   29 never executed
        1:   65:	EXPECT_EQ("Not a Triangle", TriangleType(5, -1, 5));
call    0 returned 100%
branch  1 taken 100% (fallthrough)
branch  2 taken 0% (throw)
call    3 returned 100%
branch  4 taken 100% (fallthrough)
branch  5 taken 0% (throw)
call    6 returned 100%
call    7 returned 100%
branch  8 taken 0% (fallthrough)
branch  9 taken 100%
call   10 never executed
branch 11 never executed
branch 12 never executed
call   13 never executed
branch 14 never executed
branch 15 never executed
call   16 never executed
branch 17 never executed
branch 18 never executed
call   19 never executed
branch 20 never executed
branch 21 never executed
call   22 never executed
call   23 never executed
call   24 returned 100%
call   25 never executed
call   26 never executed
call   27 never executed
call   28 never executed
call   29 never executed
        1:   66:	EXPECT_EQ("Not a Triangle", TriangleType(5, 5, -1));
call    0 returned 100%
branch  1 taken 100% (fallthrough)
branch  2 taken 0% (throw)
call    3 returned 100%
branch  4 taken 100% (fallthrough)
branch  5 taken 0% (throw)
call    6 returned 100%
call    7 returned 100%
branch  8 taken 0% (fallthrough)
branch  9 taken 100%
call   10 never executed
branch 11 never executed
branch 12 never executed
call   13 never executed
branch 14 never executed
branch 15 never executed
call   16 never executed
branch 17 never executed
branch 18 never executed
call   19 never executed
branch 20 never executed
branch 21 never executed
call   22 never executed
call   23 never executed
call   24 returned 100%
call   25 never executed
call   26 never executed
call   27 never executed
call   28 never executed
call   29 never executed
        1:   67:	EXPECT_EQ("Not a Triangle", TriangleType(-1, -1, 5));
call    0 returned 100%
branch  1 taken 100% (fallthrough)
branch  2 taken 0% (throw)
call    3 returned 100%
branch  4 taken 100% (fallthrough)
branch  5 taken 0% (throw)
call    6 returned 100%
call    7 returned 100%
branch  8 taken 0% (fallthrough)
branch  9 taken 100%
call   10 never executed
branch 11 never executed
branch 12 never executed
call   13 never executed
branch 14 never executed
branch 15 never executed
call   16 never executed
branch 17 never executed
branch 18 never executed
call   19 never executed
branch 20 never executed
branch 21 never executed
call   22 never executed
call   23 never executed
call   24 returned 100%
call   25 never executed
call   26 never executed
call   27 never executed
call   28 never executed
call   29 never executed
        1:   68:	EXPECT_EQ("Not a Triangle", TriangleType(-1, 5, -1));
call    0 returned 100%
branch  1 taken 100% (fallthrough)
branch  2 taken 0% (throw)
call    3 returned 100%
branch  4 taken 100% (fallthrough)
branch  5 taken 0% (throw)
call    6 returned 100%
call    7 returned 100%
branch  8 taken 0% (fallthrough)
branch  9 taken 100%
call   10 never executed
branch 11 never executed
branch 12 never executed
call   13 never executed
branch 14 never executed
branch 15 never executed
call   16 never executed
branch 17 never executed
branch 18 never executed
call   19 never executed
branch 20 never executed
branch 21 never executed
call   22 never executed
call   23 never executed
call   24 returned 100%
call   25 never executed
call   26 never executed
call   27 never executed
call   28 never executed
call   29 never executed
        1:   69:	EXPECT_EQ("Not a Triangle", TriangleType(-1, -1, 5));
call    0 returned 100%
branch  1 taken 100% (fallthrough)
branch  2 taken 0% (throw)
call    3 returned 100%
branch  4 taken 100% (fallthrough)
branch  5 taken 0% (throw)
call    6 returned 100%
call    7 returned 100%
branch  8 taken 0% (fallthrough)
branch  9 taken 100%
call   10 never executed
branch 11 never executed
branch 12 never executed
call   13 never executed
branch 14 never executed
branch 15 never executed
call   16 never executed
branch 17 never executed
branch 18 never executed
call   19 never executed
branch 20 never executed
branch 21 never executed
call   22 never executed
call   23 never executed
call   24 returned 100%
call   25 never executed
call   26 never executed
call   27 never executed
call   28 never executed
call   29 never executed
        1:   70:	EXPECT_EQ("Not a Triangle", TriangleType(-1, -1, -1));
call    0 returned 100%
branch  1 taken 100% (fallthrough)
branch  2 taken 0% (throw)
call    3 returned 100%
branch  4 taken 100% (fallthrough)
branch  5 taken 0% (throw)
call    6 returned 100%
call    7 returned 100%
branch  8 taken 0% (fallthrough)
branch  9 taken 100%
call   10 never executed
branch 11 never executed
branch 12 never executed
call   13 never executed
branch 14 never executed
branch 15 never executed
call   16 never executed
branch 17 never executed
branch 18 never executed
call   19 never executed
branch 20 never executed
branch 21 never executed
call   22 never executed
call   23 never executed
call   24 returned 100%
call   25 never executed
call   26 never executed
call   27 never executed
call   28 never executed
call   29 never executed
        1:   71:	EXPECT_EQ("out of permitted range", TriangleType(5, 5, 201));
call    0 returned 100%
branch  1 taken 100% (fallthrough)
branch  2 taken 0% (throw)
call    3 returned 100%
branch  4 taken 100% (fallthrough)
branch  5 taken 0% (throw)
call    6 returned 100%
call    7 returned 100%
branch  8 taken 0% (fallthrough)
branch  9 taken 100%
call   10 never executed
branch 11 never executed
branch 12 never executed
call   13 never executed
branch 14 never executed
branch 15 never executed
call   16 never executed
branch 17 never executed
branch 18 never executed
call   19 never executed
branch 20 never executed
branch 21 never executed
call   22 never executed
call   23 never executed
call   24 returned 100%
call   25 never executed
call   26 never executed
call   27 never executed
call   28 never executed
call   29 never executed
        1:   72:	EXPECT_EQ("out of permitted range", TriangleType(5, 201, 5));
call    0 returned 100%
branch  1 taken 100% (fallthrough)
branch  2 taken 0% (throw)
call    3 returned 100%
branch  4 taken 100% (fallthrough)
branch  5 taken 0% (throw)
call    6 returned 100%
call    7 returned 100%
branch  8 taken 0% (fallthrough)
branch  9 taken 100%
call   10 never executed
branch 11 never executed
branch 12 never executed
call   13 never executed
branch 14 never executed
branch 15 never executed
call   16 never executed
branch 17 never executed
branch 18 never executed
call   19 never executed
branch 20 never executed
branch 21 never executed
call   22 never executed
call   23 never executed
call   24 returned 100%
call   25 never executed
call   26 never executed
call   27 never executed
call   28 never executed
call   29 never executed
        1:   73:	EXPECT_EQ("out of permitted range", TriangleType(201, 5, 5));
call    0 returned 100%
branch  1 taken 100% (fallthrough)
branch  2 taken 0% (throw)
call    3 returned 100%
branch  4 taken 100% (fallthrough)
branch  5 taken 0% (throw)
call    6 returned 100%
call    7 returned 100%
branch  8 taken 0% (fallthrough)
branch  9 taken 100%
call   10 never executed
branch 11 never executed
branch 12 never executed
call   13 never executed
branch 14 never executed
branch 15 never executed
call   16 never executed
branch 17 never executed
branch 18 never executed
call   19 never executed
branch 20 never executed
branch 21 never executed
call   22 never executed
call   23 never executed
call   24 returned 100%
call   25 never executed
call   26 never executed
call   27 never executed
        -:   74:
function _GLOBAL__sub_I__ZN28isTriangleTest_Positive_Test10test_info_E called 1 returned 100% blocks executed 100%
function _Z41__static_initialization_and_destruction_0ii called 1 returned 100% blocks executed 100%
        4:   75:}
call    0 returned 100%
branch  1 taken 100% (fallthrough)
branch  2 taken 0%
branch  3 taken 100% (fallthrough)
branch  4 taken 0%
call    5 never executed
